<?xml version="1.0" encoding="UTF-8"?>
<!-- Generated by org.testng.reporters.JUnitReportReporter -->
<testsuite skipped="0" hostname="IITC-WS-DT58" name="demoMavenPackage.TestClass1" tests="4" failures="0" timestamp="06 Feb 2020 12:06:13 GMT" time="0.016" errors="0">
  <testcase name="division" time="0.016" classname="demoMavenPackage.TestClass1"/>
  <testcase name="subtraction" time="0.000" classname="demoMavenPackage.TestClass1"/>
  <testcase name="multiply" time="0.000" classname="demoMavenPackage.TestClass1"/>
  <testcase name="sum" time="0.000" classname="demoMavenPackage.TestClass1"/>
</testsuite> <!-- demoMavenPackage.TestClass1 -->
